0 info it worked if it ends with ok
1 verbose cli [ '/Users/pyykkis/.nvm/v0.8.17/bin/node',
1 verbose cli   '/Users/pyykkis/.nvm/v0.8.17/bin/npm',
1 verbose cli   'publish' ]
2 info using npm@1.2.0
3 info using node@v0.8.17
4 verbose publish [ '.' ]
5 verbose read json /Users/pyykkis/work/james-jade-static/package.json
6 verbose cache add [ '.', null ]
7 silly cache add name=undefined spec="." args=[".",null]
8 verbose parsed url { pathname: '.', path: '.', href: '.' }
9 silly lockFile 3a52ce78- .
10 verbose lock . /Users/pyykkis/.npm/3a52ce78-.lock
11 verbose read json package.json
12 verbose tar pack [ '/var/folders/wj/58mtv85n0d3fkhcfz1gmr7rc0000gn/T/npm-30830/1363181876037-0.08125581149943173/tmp.tgz',
12 verbose tar pack   '.' ]
13 verbose tarball /var/folders/wj/58mtv85n0d3fkhcfz1gmr7rc0000gn/T/npm-30830/1363181876037-0.08125581149943173/tmp.tgz
14 verbose folder .
15 info prepublish james-jade-static@0.1.0
16 silly lockFile bd4ea17c-6037-0-08125581149943173-tmp-tgz /var/folders/wj/58mtv85n0d3fkhcfz1gmr7rc0000gn/T/npm-30830/1363181876037-0.08125581149943173/tmp.tgz
17 verbose lock /var/folders/wj/58mtv85n0d3fkhcfz1gmr7rc0000gn/T/npm-30830/1363181876037-0.08125581149943173/tmp.tgz /Users/pyykkis/.npm/bd4ea17c-6037-0-08125581149943173-tmp-tgz.lock
18 silly lockFile bd4ea17c-6037-0-08125581149943173-tmp-tgz /var/folders/wj/58mtv85n0d3fkhcfz1gmr7rc0000gn/T/npm-30830/1363181876037-0.08125581149943173/tmp.tgz
19 verbose tar unpack /var/folders/wj/58mtv85n0d3fkhcfz1gmr7rc0000gn/T/npm-30830/1363181876037-0.08125581149943173/tmp.tgz
20 silly lockFile 600219ec-6037-0-08125581149943173-package /var/folders/wj/58mtv85n0d3fkhcfz1gmr7rc0000gn/T/npm-30830/1363181876037-0.08125581149943173/package
21 verbose lock /var/folders/wj/58mtv85n0d3fkhcfz1gmr7rc0000gn/T/npm-30830/1363181876037-0.08125581149943173/package /Users/pyykkis/.npm/600219ec-6037-0-08125581149943173-package.lock
22 silly gunzTarPerm modes [ '755', '644' ]
23 silly gunzTarPerm extractEntry package.json
24 silly gunzTarPerm extractEntry .npmignore
25 silly gunzTarPerm extractEntry README.md
26 silly gunzTarPerm extractEntry index.js
27 silly gunzTarPerm extractEntry test/test.js
28 verbose read json /var/folders/wj/58mtv85n0d3fkhcfz1gmr7rc0000gn/T/npm-30830/1363181876037-0.08125581149943173/package/package.json
29 silly lockFile 600219ec-6037-0-08125581149943173-package /var/folders/wj/58mtv85n0d3fkhcfz1gmr7rc0000gn/T/npm-30830/1363181876037-0.08125581149943173/package
30 verbose from cache /var/folders/wj/58mtv85n0d3fkhcfz1gmr7rc0000gn/T/npm-30830/1363181876037-0.08125581149943173/package/package.json
31 verbose tar pack [ '/Users/pyykkis/.npm/james-jade-static/0.1.0/package.tgz',
31 verbose tar pack   '/var/folders/wj/58mtv85n0d3fkhcfz1gmr7rc0000gn/T/npm-30830/1363181876037-0.08125581149943173/package' ]
32 verbose tarball /Users/pyykkis/.npm/james-jade-static/0.1.0/package.tgz
33 verbose folder /var/folders/wj/58mtv85n0d3fkhcfz1gmr7rc0000gn/T/npm-30830/1363181876037-0.08125581149943173/package
34 silly lockFile e05ab24f-es-jade-static-0-1-0-package-tgz /Users/pyykkis/.npm/james-jade-static/0.1.0/package.tgz
35 verbose lock /Users/pyykkis/.npm/james-jade-static/0.1.0/package.tgz /Users/pyykkis/.npm/e05ab24f-es-jade-static-0-1-0-package-tgz.lock
36 silly lockFile e05ab24f-es-jade-static-0-1-0-package-tgz /Users/pyykkis/.npm/james-jade-static/0.1.0/package.tgz
37 silly lockFile 640334bf--james-jade-static-0-1-0-package /Users/pyykkis/.npm/james-jade-static/0.1.0/package
38 verbose lock /Users/pyykkis/.npm/james-jade-static/0.1.0/package /Users/pyykkis/.npm/640334bf--james-jade-static-0-1-0-package.lock
39 silly lockFile 640334bf--james-jade-static-0-1-0-package /Users/pyykkis/.npm/james-jade-static/0.1.0/package
40 verbose tar unpack /Users/pyykkis/.npm/james-jade-static/0.1.0/package.tgz
41 silly lockFile 640334bf--james-jade-static-0-1-0-package /Users/pyykkis/.npm/james-jade-static/0.1.0/package
42 verbose lock /Users/pyykkis/.npm/james-jade-static/0.1.0/package /Users/pyykkis/.npm/640334bf--james-jade-static-0-1-0-package.lock
43 silly gunzTarPerm modes [ '755', '644' ]
44 silly gunzTarPerm extractEntry package.json
45 silly gunzTarPerm extractEntry .npmignore
46 silly gunzTarPerm extractEntry README.md
47 silly gunzTarPerm extractEntry index.js
48 silly gunzTarPerm extractEntry test/test.js
49 verbose read json /Users/pyykkis/.npm/james-jade-static/0.1.0/package/package.json
50 silly lockFile 640334bf--james-jade-static-0-1-0-package /Users/pyykkis/.npm/james-jade-static/0.1.0/package
51 silly shasum updated bytes 997
52 info shasum f95078b2eba369dd6534797da3c8796162de4540
52 info shasum /Users/pyykkis/.npm/james-jade-static/0.1.0/package.tgz
53 verbose from cache /Users/pyykkis/.npm/james-jade-static/0.1.0/package/package.json
54 verbose chmod /Users/pyykkis/.npm/james-jade-static/0.1.0/package.tgz 644
55 verbose chown /Users/pyykkis/.npm/james-jade-static/0.1.0/package.tgz [ 501, 20 ]
56 silly lockFile 3a52ce78- .
57 silly publish { name: 'james-jade-static',
57 silly publish   version: '0.1.0',
57 silly publish   engines: { node: '>=0.8.0' },
57 silly publish   scripts: { test: 'jshint ./**/*.js && mocha' },
57 silly publish   dependencies: { james: '~0.0.4', jade: '~0.28.2' },
57 silly publish   devDependencies:
57 silly publish    { 'james-coffee': '~0.0.1',
57 silly publish      mocha: '~1.8.2',
57 silly publish      jshint: '~1.1.0',
57 silly publish      'readable-stream': '~1.0.2',
57 silly publish      jade: '~0.28.2',
57 silly publish      james: '~0.1.4' },
57 silly publish   private: 'false',
57 silly publish   licence: 'MIT',
57 silly publish   readme: '# Synopsis\n\nJade to HTML transformer for [James.js](https://github.com/leonidas/james.js).\n\n```javascript\nvar james = require(\'james\'),\n    jade  = require(\'james-jade\');\n\njames.task(\'jade\', function() {\n  james.list(\'src/**/*.jade\').forEach (file) ->\n\n    james.read(file)\n      .transform(jade({filename: file}))\n      .write(process.stdout);\n});\n\n```\n',
57 silly publish   readmeFilename: 'README.md',
57 silly publish   _id: 'james-jade-static@0.1.0',
57 silly publish   description: 'Jade to HTML transformer for [James.js](https://github.com/leonidas/james.js).',
57 silly publish   dist: { shasum: 'f95078b2eba369dd6534797da3c8796162de4540' } }
58 error Error: This package has been marked as private
58 error Remove the 'private' field from the package.json to publish it.
58 error     at publish_ (/Users/pyykkis/.nvm/v0.8.17/lib/node_modules/npm/lib/publish.js:84:31)
58 error     at Array.1 (/Users/pyykkis/.nvm/v0.8.17/lib/node_modules/npm/node_modules/slide/lib/bind-actor.js:15:8)
58 error     at LOOP (/Users/pyykkis/.nvm/v0.8.17/lib/node_modules/npm/node_modules/slide/lib/chain.js:15:14)
58 error     at LOOP (/Users/pyykkis/.nvm/v0.8.17/lib/node_modules/npm/node_modules/slide/lib/chain.js:14:28)
58 error     at chain (/Users/pyykkis/.nvm/v0.8.17/lib/node_modules/npm/node_modules/slide/lib/chain.js:20:5)
58 error     at /Users/pyykkis/.nvm/v0.8.17/lib/node_modules/npm/lib/publish.js:53:5
58 error     at /Users/pyykkis/.nvm/v0.8.17/lib/node_modules/npm/lib/cache.js:646:14
58 error     at exports.unlock (/Users/pyykkis/.nvm/v0.8.17/lib/node_modules/npm/node_modules/lockfile/lockfile.js:36:7)
58 error     at fs.close (/Users/pyykkis/.nvm/v0.8.17/lib/node_modules/npm/node_modules/graceful-fs/graceful-fs.js:90:5)
58 error     at Object.oncomplete (fs.js:297:15)
59 error If you need help, you may report this log at:
59 error     <http://github.com/isaacs/npm/issues>
59 error or email it to:
59 error     <npm-@googlegroups.com>
60 error System Darwin 12.2.1
61 error command "/Users/pyykkis/.nvm/v0.8.17/bin/node" "/Users/pyykkis/.nvm/v0.8.17/bin/npm" "publish"
62 error cwd /Users/pyykkis/work/james-jade-static
63 error node -v v0.8.17
64 error npm -v 1.2.0
65 verbose exit [ 1, true ]
